<?xml version="1.0" encoding="UTF-8"?>
<testsuite name="ru.stqa.pft.addressbook.tests.GroupCreationTests" tests="4" skipped="0" failures="0" errors="0" timestamp="2017-09-24T17:27:40" hostname="Olena" time="12.694">
  <properties/>
  <testcase name="testBadGroupCreation" classname="ru.stqa.pft.addressbook.tests.GroupCreationTests" time="3.732"/>
  <testcase name="testGroupCreation[0](GroupDate{id='2147483647', name='test 0'})" classname="ru.stqa.pft.addressbook.tests.GroupCreationTests" time="2.996"/>
  <testcase name="testGroupCreation[1](GroupDate{id='2147483647', name='test 1'})" classname="ru.stqa.pft.addressbook.tests.GroupCreationTests" time="3.003"/>
  <testcase name="testGroupCreation[2](GroupDate{id='2147483647', name='test 2'})" classname="ru.stqa.pft.addressbook.tests.GroupCreationTests" time="2.939"/>
  <system-out><![CDATA[]]></system-out>
  <system-err><![CDATA[]]></system-err>
</testsuite>
